<?xml version='1.0'?>
<ns2:test-suite xmlns:ns2='urn:model.allure.qatools.yandex.ru' start='1584269892345' stop='1584269927256'>
    <name>Login page</name>
    <title>Login page</title>
    <test-cases>
        <test-case start='1584269892346' status='broken' stop='1584269905356'>
            <name>displays message with invalid credentials</name>
            <title>displays message with invalid credentials</title>
            <labels>
                <label name='language' value='javascript'/>
                <label name='framework' value='wdio'/>
                <label name='thread' value='0-1'/>
            </labels>
            <parameters>
                <parameter kind='argument' name='browser' value='chrome'/>
            </parameters>
            <steps/>
            <attachments>
                <attachment title='Screenshot' source='3c13defb-22e3-4925-b94a-82c92cfa79fb-attachment.png' type='image/png' size='19310'/>
            </attachments>
            <failure>
                <message>Can't call setValue on element with selector "#username" because element wasn't found</message>
                <stack-trace>Error: Can't call setValue on element with selector "#username" because element wasn't found
                    at LoginPage.loginWithCredentials (/Users/dmaksymiv/Desktop/webdriverio-test/src/pages/LogInPage.ts:26:23)
                    at Context.&lt;anonymous> (/Users/dmaksymiv/Desktop/webdriverio-test/test/specs/login.spec.ts:9:15)</stack-trace>
            </failure>
        </test-case>
        <test-case start='1584269905356' status='broken' stop='1584269916347'>
            <name>should allow access with correct credentials</name>
            <title>should allow access with correct credentials</title>
            <labels>
                <label name='language' value='javascript'/>
                <label name='framework' value='wdio'/>
                <label name='thread' value='0-1'/>
            </labels>
            <parameters>
                <parameter kind='argument' name='browser' value='chrome'/>
            </parameters>
            <steps/>
            <attachments>
                <attachment title='Screenshot' source='10764e88-7359-4218-8ea1-12d59764af53-attachment.png' type='image/png' size='19310'/>
            </attachments>
            <failure>
                <message>Can't call setValue on element with selector "#username" because element wasn't found</message>
                <stack-trace>Error: Can't call setValue on element with selector "#username" because element wasn't found
                    at LoginPage.loginWithCredentials (/Users/dmaksymiv/Desktop/webdriverio-test/src/pages/LogInPage.ts:26:23)
                    at Context.&lt;anonymous> (/Users/dmaksymiv/Desktop/webdriverio-test/test/specs/login.spec.ts:16:15)</stack-trace>
            </failure>
        </test-case>
        <test-case start='1584269916347' status='broken' stop='1584269927256'>
            <name>using config values specified in src/config</name>
            <title>using config values specified in src/config</title>
            <labels>
                <label name='language' value='javascript'/>
                <label name='framework' value='wdio'/>
                <label name='thread' value='0-1'/>
            </labels>
            <parameters>
                <parameter kind='argument' name='browser' value='chrome'/>
            </parameters>
            <steps/>
            <attachments>
                <attachment title='Screenshot' source='c05f9a5a-6f34-4ffc-be64-48a358c3adcf-attachment.png' type='image/png' size='19310'/>
            </attachments>
            <failure>
                <message>Can't call setValue on element with selector "#username" because element wasn't found</message>
                <stack-trace>Error: Can't call setValue on element with selector "#username" because element wasn't found
                    at LoginPage.loginWithCredentials (/Users/dmaksymiv/Desktop/webdriverio-test/src/pages/LogInPage.ts:26:23)
                    at Context.&lt;anonymous> (/Users/dmaksymiv/Desktop/webdriverio-test/test/specs/login.spec.ts:23:15)</stack-trace>
            </failure>
        </test-case>
    </test-cases>
</ns2:test-suite>